[17:27:27] [main/INFO]: Loading Minecraft 1.21.3 with Fabric Loader 0.16.9
[17:27:27] [main/INFO]: Loading 4 mods:
	- fabricloader 0.16.9
	   \-- mixinextras 0.4.1
	- java 21
	- minecraft 1.21.3
[17:27:27] [main/INFO]: SpongePowered MIXIN Subsystem Version=0.8.7 Source=file:/workspaces/SERVER/servidor_minecraft/libraries/net/fabricmc/sponge-mixin/0.15.4+mixin.0.8.7/sponge-mixin-0.15.4+mixin.0.8.7.jar Service=Knot/Fabric Env=SERVER
[17:27:37] [main/INFO]: Environment: Environment[sessionHost=https://sessionserver.mojang.com, servicesHost=https://api.minecraftservices.com, name=PROD]
[17:27:38] [main/INFO]: No existing world data, creating new world
[17:27:40] [main/INFO]: Loaded 1337 recipes
[17:27:40] [main/INFO]: Loaded 1448 advancements
[17:27:40] [Server thread/INFO]: Starting minecraft server version 1.21.3
[17:27:40] [Server thread/INFO]: Loading properties
[17:27:40] [Server thread/INFO]: Default game type: SURVIVAL
[17:27:40] [Server thread/INFO]: Generating keypair
[17:27:40] [Server thread/INFO]: Starting Minecraft server on *:25565
[17:27:40] [Server thread/INFO]: Using epoll channel type
[17:27:40] [Server thread/WARN]: **** SERVER IS RUNNING IN OFFLINE/INSECURE MODE!
[17:27:40] [Server thread/WARN]: The server will make no attempt to authenticate usernames. Beware.
[17:27:40] [Server thread/WARN]: While this makes the game possible to play without internet access, it also opens up the ability for hackers to connect with any username they choose.
[17:27:40] [Server thread/WARN]: To change this, set "online-mode" to "true" in the server.properties file.
[17:27:40] [Server thread/INFO]: Preparing level "world"
[17:27:57] [Server thread/INFO]: Preparing start region for dimension minecraft:overworld
[17:27:57] [Worker-Main-1/INFO]: Preparing spawn area: 2%
[17:27:57] [Worker-Main-1/INFO]: Preparing spawn area: 2%
[17:27:58] [Worker-Main-1/INFO]: Preparing spawn area: 2%
[17:27:58] [Worker-Main-1/INFO]: Preparing spawn area: 2%
[17:27:59] [Worker-Main-1/INFO]: Preparing spawn area: 2%
[17:27:59] [Worker-Main-1/INFO]: Preparing spawn area: 2%
[17:28:00] [Worker-Main-1/INFO]: Preparing spawn area: 2%
[17:28:00] [Worker-Main-1/INFO]: Preparing spawn area: 2%
[17:28:01] [Worker-Main-1/INFO]: Preparing spawn area: 2%
[17:28:01] [Worker-Main-1/INFO]: Preparing spawn area: 2%
[17:28:02] [Worker-Main-1/INFO]: Preparing spawn area: 2%
[17:28:02] [Worker-Main-1/INFO]: Preparing spawn area: 2%
[17:28:03] [Worker-Main-1/INFO]: Preparing spawn area: 2%
[17:28:04] [Worker-Main-1/INFO]: Preparing spawn area: 2%
[17:28:04] [Worker-Main-1/INFO]: Preparing spawn area: 2%
[17:28:04] [Worker-Main-1/INFO]: Preparing spawn area: 2%
[17:28:05] [Worker-Main-1/INFO]: Preparing spawn area: 2%
[17:28:05] [Worker-Main-1/INFO]: Preparing spawn area: 2%
[17:28:06] [Worker-Main-1/INFO]: Preparing spawn area: 46%
[17:28:06] [Server thread/INFO]: Time elapsed: 9162 ms
[17:28:06] [Server thread/INFO]: Done (25.433s)! For help, type "help"
